<?xml version="1.0" encoding="UTF-8" ?>
<testsuite errors="0" failures="0" hostname="Alan-PC" name="fiuba.algo3.ejemplo1.FooTest" skipped="0" tests="1" time="0.194" timestamp="2014-04-18T16:26:05">
  <properties>
    <property name="java.vendor" value="Oracle Corporation" />
    <property name="coverage.summaryxml.dir" value="C:\Users\Alan\Desktop\Facultad\AYDOO\ProyectoBase\build\reports\cobertura-summary-xml" />
    <property name="libs" value="C:\Users\Alan\Desktop\Facultad\AYDOO\ProyectoBase\libs" />
    <property name="sun.java.launcher" value="SUN_STANDARD" />
    <property name="sun.management.compiler" value="HotSpot 64-Bit Tiered Compilers" />
    <property name="os.name" value="Windows 7" />
    <property name="sun.boot.class.path" value="C:\Program Files\Java\jdk1.8.0\jre\lib\resources.jar;C:\Program Files\Java\jdk1.8.0\jre\lib\rt.jar;C:\Program Files\Java\jdk1.8.0\jre\lib\sunrsasign.jar;C:\Program Files\Java\jdk1.8.0\jre\lib\jsse.jar;C:\Program Files\Java\jdk1.8.0\jre\lib\jce.jar;C:\Program Files\Java\jdk1.8.0\jre\lib\charsets.jar;C:\Program Files\Java\jdk1.8.0\jre\lib\jfr.jar;C:\Program Files\Java\jdk1.8.0\jre\classes" />
    <property name="reports.html.dir" value="C:\Users\Alan\Desktop\Facultad\AYDOO\ProyectoBase\build\reports\junit-html" />
    <property name="user.country.format" value="AR" />
    <property name="sun.desktop" value="windows" />
    <property name="java.vm.specification.vendor" value="Oracle Corporation" />
    <property name="net.sourceforge.cobertura.datafile" value="C:\Users\Alan\Desktop\Facultad\AYDOO\ProyectoBase\build\cobertura.ser" />
    <property name="ant.home" value="C:/Users/Alan/Desktop/Facultad/AYDOO/apache-ant-1.9.3" />
    <property name="java.runtime.version" value="1.8.0-b132" />
    <property name="cobertura.dir" value="C:\Users\Alan\Desktop\Facultad\AYDOO\ProyectoBase\libs" />
    <property name="user.name" value="Alan" />
    <property name="user.language.format" value="es" />
    <property name="ant.file.proyecto-java" value="C:\Users\Alan\Desktop\Facultad\AYDOO\ProyectoBase\build.xml" />
    <property name="user.language" value="en" />
    <property name="build" value="C:\Users\Alan\Desktop\Facultad\AYDOO\ProyectoBase\build" />
    <property name="sun.boot.library.path" value="C:\Program Files\Java\jdk1.8.0\jre\bin" />
    <property name="reports.dir" value="C:\Users\Alan\Desktop\Facultad\AYDOO\ProyectoBase\build\reports" />
    <property name="ant.project.default-target" value="test" />
    <property name="ant.project.name" value="proyecto-java" />
    <property name="java.version" value="1.8.0" />
    <property name="coverage.html.dir" value="C:\Users\Alan\Desktop\Facultad\AYDOO\ProyectoBase\build\reports\cobertura-html" />
    <property name="user.timezone" value="America/Buenos_Aires" />
    <property name="sun.arch.data.model" value="64" />
    <property name="java.endorsed.dirs" value="C:\Program Files\Java\jdk1.8.0\jre\lib\endorsed" />
    <property name="sun.cpu.isalist" value="amd64" />
    <property name="sun.jnu.encoding" value="Cp1252" />
    <property name="file.encoding.pkg" value="sun.io" />
    <property name="file.separator" value="\" />
    <property name="java.specification.name" value="Java Platform API Specification" />
    <property name="classes.dir" value="C:\Users\Alan\Desktop\Facultad\AYDOO\ProyectoBase\build" />
    <property name="java.class.version" value="52.0" />
    <property name="user.country" value="US" />
    <property name="java.home" value="C:\Program Files\Java\jdk1.8.0\jre" />
    <property name="java.vm.info" value="mixed mode" />
    <property name="ant.file.type.proyecto-java" value="file" />
    <property name="ant.file" value="C:\Users\Alan\Desktop\Facultad\AYDOO\ProyectoBase\build.xml" />
    <property name="os.version" value="6.1" />
    <property name="path.separator" value=";" />
    <property name="java.vm.version" value="25.0-b70" />
    <property name="user.variant" value="" />
    <property name="ant.library.dir" value="C:\Users\Alan\Desktop\Facultad\AYDOO\apache-ant-1.9.3\lib" />
    <property name="java.awt.printerjob" value="sun.awt.windows.WPrinterJob" />
    <property name="sun.io.unicode.encoding" value="UnicodeLittle" />
    <property name="awt.toolkit" value="sun.awt.windows.WToolkit" />
    <property name="sun.stdout.encoding" value="cp850" />
    <property name="user.script" value="" />
    <property name="reports.xml.dir" value="C:\Users\Alan\Desktop\Facultad\AYDOO\ProyectoBase\build\reports\junit-xml" />
    <property name="user.home" value="C:\Users\Alan" />
    <property name="java.specification.vendor" value="Oracle Corporation" />
    <property name="coverage.xml.dir" value="C:\Users\Alan\Desktop\Facultad\AYDOO\ProyectoBase\build\reports\cobertura-xml" />
    <property name="java.library.path" value="C:\Program Files\Java\jdk1.8.0\jre\bin;C:\Windows\Sun\Java\bin;C:\Windows\system32;C:\Windows;C:\Program Files (x86)\NVIDIA Corporation\PhysX\Common;C:\Windows\system32;C:\Windows;C:\Windows\System32\Wbem;C:\Windows\System32\WindowsPowerShell\v1.0\;C:\Users\Alan\Desktop\Facultad\AYDOO\apache-ant-1.9.3\bin;." />
    <property name="java.vendor.url" value="http://java.oracle.com/" />
    <property name="java.vm.vendor" value="Oracle Corporation" />
    <property name="java.runtime.name" value="Java(TM) SE Runtime Environment" />
    <property name="sun.java.command" value="org.apache.tools.ant.taskdefs.optional.junit.JUnitTestRunner fiuba.algo3.ejemplo1.FooTest skipNonTests=false filtertrace=true haltOnError=false haltOnFailure=false showoutput=false outputtoformatters=true logfailedtests=true logtestlistenerevents=false formatter=org.apache.tools.ant.taskdefs.optional.junit.XMLJUnitResultFormatter,C:\Users\Alan\Desktop\Facultad\AYDOO\ProyectoBase\build\reports\junit-xml\TEST-fiuba.algo3.ejemplo1.FooTest.xml crashfile=C:\Users\Alan\Desktop\Facultad\AYDOO\ProyectoBase\junitvmwatcher3360804511902886638.properties propsfile=C:\Users\Alan\Desktop\Facultad\AYDOO\ProyectoBase\junit7299305668939449083.properties" />
    <property name="java.class.path" value="C:\Users\Alan\Desktop\Facultad\AYDOO\ProyectoBase\build\instrumented;C:\Users\Alan\Desktop\Facultad\AYDOO\ProyectoBase\build;C:\Users\Alan\Desktop\Facultad\AYDOO\ProyectoBase\libs\asm-3.0.jar;C:\Users\Alan\Desktop\Facultad\AYDOO\ProyectoBase\libs\asm-tree-3.0.jar;C:\Users\Alan\Desktop\Facultad\AYDOO\ProyectoBase\libs\checkstyle-5.5-all.jar;C:\Users\Alan\Desktop\Facultad\AYDOO\ProyectoBase\libs\cobertura.jar;C:\Users\Alan\Desktop\Facultad\AYDOO\ProyectoBase\libs\jakarta-oro-2.0.8.jar;C:\Users\Alan\Desktop\Facultad\AYDOO\ProyectoBase\libs\junit-4.10.jar;C:\Users\Alan\Desktop\Facultad\AYDOO\ProyectoBase\libs\log4j-1.2.9.jar;C:\Users\Alan\Desktop\Facultad\AYDOO\ProyectoBase\libs\mockito-all-1.9.0.jar;C:\Users\Alan\Desktop\Facultad\AYDOO\ProyectoBase\build\tests;C:\Users\Alan\Desktop\Facultad\AYDOO\apache-ant-1.9.3\lib\ant-launcher.jar;C:\Users\Alan\Desktop\Facultad\AYDOO\apache-ant-1.9.3\lib\ant.jar;C:\Users\Alan\Desktop\Facultad\AYDOO\apache-ant-1.9.3\lib\ant-junit.jar;C:\Users\Alan\Desktop\Facultad\AYDOO\apache-ant-1.9.3\lib\ant-junit4.jar" />
    <property name="ant.version" value="Apache Ant(TM) version 1.9.3 compiled on December 23 2013" />
    <property name="java.vm.specification.name" value="Java Virtual Machine Specification" />
    <property name="ant.file.type" value="file" />
    <property name="java.vm.specification.version" value="1.8" />
    <property name="sun.cpu.endian" value="little" />
    <property name="sun.os.patch.level" value="Service Pack 1" />
    <property name="java.io.tmpdir" value="C:\Users\Alan\AppData\Local\Temp\" />
    <property name="java.vendor.url.bug" value="http://bugreport.sun.com/bugreport/" />
    <property name="java.awt.graphicsenv" value="sun.awt.Win32GraphicsEnvironment" />
    <property name="os.arch" value="amd64" />
    <property name="instrumented.dir" value="C:\Users\Alan\Desktop\Facultad\AYDOO\ProyectoBase\build\instrumented" />
    <property name="java.ext.dirs" value="C:\Program Files\Java\jdk1.8.0\jre\lib\ext;C:\Windows\Sun\Java\lib\ext" />
    <property name="user.dir" value="C:\Users\Alan\Desktop\Facultad\AYDOO\ProyectoBase" />
    <property name="line.separator" value="&#xd;&#xa;" />
    <property name="java.vm.name" value="Java HotSpot(TM) 64-Bit Server VM" />
    <property name="basedir" value="C:\Users\Alan\Desktop\Facultad\AYDOO\ProyectoBase" />
    <property name="ant.java.version" value="1.8" />
    <property name="ant.core.lib" value="C:\Users\Alan\Desktop\Facultad\AYDOO\apache-ant-1.9.3\lib\ant.jar" />
    <property name="file.encoding" value="Cp1252" />
    <property name="sun.stderr.encoding" value="cp850" />
    <property name="java.specification.version" value="1.8" />
    <property name="src.dir" value="C:\Users\Alan\Desktop\Facultad\AYDOO\ProyectoBase\src" />
    <property name="ant.project.invoked-targets" value="test" />
  </properties>
  <testcase classname="fiuba.algo3.ejemplo1.FooTest" name="doFooShouldReturnFoo" time="0.02" />
  <system-out><![CDATA[]]></system-out>
  <system-err><![CDATA[]]></system-err>
</testsuite>
